2025-07-14 18:33:56 - INFO - Verificando disponibilidade de aceleração de GPU (CUDA)...
2025-07-14 18:33:56 - WARNING - ==> AVISO: Nenhuma GPU compatível foi encontrada. O treinamento será executado na CPU.
2025-07-14 18:33:56 - INFO - ================================================================================
2025-07-14 18:33:56 - INFO - INICIANDO SCRIPT DE TREINAMENTO DO SISTEMA IDS (VERSÃO OTIMIZADA)
2025-07-14 18:33:56 - INFO - ================================================================================
2025-07-14 18:33:56 - INFO - SUCESSO: Carregando DataFrame limpo do cache: 'D:\Mestrado\Cache\01_cleaned_dataframe.parquet'
2025-07-14 18:34:00 - INFO - SUCESSO: Carregando arrays de treino (X, y) balanceados do cache.
2025-07-14 18:34:01 - INFO - Dividindo dados em conjuntos de treino, validação e teste...
2025-07-14 18:34:02 - INFO - Treino: (1821967, 23), Validação: (560605, 23), Teste: (420455, 23)
2025-07-14 18:34:02 - INFO - AVISO: Modelo não encontrado ou 'force_retrain' é True. Iniciando processo de treinamento.
2025-07-14 18:34:02 - INFO - Nenhum modelo encontrado ou fine-tuning desabilitado. Construindo modelo do zero.
2025-07-14 18:34:02 - INFO - Construindo nova arquitetura LSTM Híbrida...
2025-07-14 18:34:03 - INFO - Model: "sequential"
2025-07-14 18:34:03 - INFO - _________________________________________________________________
2025-07-14 18:34:03 - INFO -  Layer (type)                Output Shape              Param #   
2025-07-14 18:34:03 - INFO - =================================================================
2025-07-14 18:34:03 - INFO -  bidirectional (Bidirectiona  (None, 23, 256)          133120    
2025-07-14 18:34:03 - INFO -  l)                                                              
2025-07-14 18:34:03 - INFO -                                                                  
2025-07-14 18:34:03 - INFO -  dropout (Dropout)           (None, 23, 256)           0         
2025-07-14 18:34:03 - INFO -                                                                  
2025-07-14 18:34:03 - INFO -  bidirectional_1 (Bidirectio  (None, 128)              164352    
2025-07-14 18:34:03 - INFO -  nal)                                                            
2025-07-14 18:34:03 - INFO -                                                                  
2025-07-14 18:34:03 - INFO -  dropout_1 (Dropout)         (None, 128)               0         
2025-07-14 18:34:03 - INFO -                                                                  
2025-07-14 18:34:03 - INFO -  dense (Dense)               (None, 32)                4128      
2025-07-14 18:34:03 - INFO -                                                                  
2025-07-14 18:34:03 - INFO -  dropout_2 (Dropout)         (None, 32)                0         
2025-07-14 18:34:03 - INFO -                                                                  
2025-07-14 18:34:03 - INFO -  dense_1 (Dense)             (None, 15)                495       
2025-07-14 18:34:03 - INFO -                                                                  
2025-07-14 18:34:03 - INFO - =================================================================
2025-07-14 18:34:03 - INFO - Total params: 302,095
2025-07-14 18:34:03 - INFO - Trainable params: 302,095
2025-07-14 18:34:03 - INFO - Non-trainable params: 0
2025-07-14 18:34:03 - INFO - _________________________________________________________________
2025-07-14 18:34:03 - INFO - Arquitetura do modelo salva em 'D:\Mestrado\Results\model_architecture.png'
2025-07-14 18:34:03 - INFO - Iniciando treinamento do modelo...
2025-07-15 09:46:44 - INFO - Treinamento concluído em 54760.43 segundos.
2025-07-15 09:46:44 - INFO - Salvando modelo treinado em 'D:\Mestrado\Model\ids_lstm_model.keras'
2025-07-15 09:46:44 - INFO - Processadores (scaler, encoder) e informações do modelo já salvos na etapa de cache.
2025-07-15 09:46:44 - ERROR - Ocorreu um erro fatal durante a execução: Object of type float32 is not JSON serializable
2025-07-15 09:46:44 - ERROR - Traceback:
Traceback (most recent call last):
  File "d:\Mestrado\1_ids_training_script.py", line 446, in main
    trainer.save_artifacts(data_handler, selected_features, history)
  File "d:\Mestrado\1_ids_training_script.py", line 323, in save_artifacts
    json.dump(history.history, f, indent=4)
  File "C:\Users\strik\miniconda3\envs\ids-env\lib\json\__init__.py", line 179, in dump
    for chunk in iterable:
  File "C:\Users\strik\miniconda3\envs\ids-env\lib\json\encoder.py", line 431, in _iterencode
    yield from _iterencode_dict(o, _current_indent_level)
  File "C:\Users\strik\miniconda3\envs\ids-env\lib\json\encoder.py", line 405, in _iterencode_dict
    yield from chunks
  File "C:\Users\strik\miniconda3\envs\ids-env\lib\json\encoder.py", line 325, in _iterencode_list
    yield from chunks
  File "C:\Users\strik\miniconda3\envs\ids-env\lib\json\encoder.py", line 438, in _iterencode
    o = _default(o)
  File "C:\Users\strik\miniconda3\envs\ids-env\lib\json\encoder.py", line 179, in default
    raise TypeError(f'Object of type {o.__class__.__name__} '
TypeError: Object of type float32 is not JSON serializable
