2025-07-14 10:33:57 - INFO - Verificando disponibilidade de aceleração de GPU (CUDA)...
2025-07-14 10:33:57 - INFO - ==> SUCESSO: 1 GPU(s) encontradas. A aceleração de hardware está HABILITADA.
2025-07-14 10:33:57 - INFO - ================================================================================
2025-07-14 10:33:57 - INFO - INICIANDO SCRIPT DE TREINAMENTO DO SISTEMA IDS
2025-07-14 10:33:57 - INFO - ================================================================================
2025-07-14 10:33:57 - INFO - Iniciando carregamento do dataset de 'D:\Mestrado\Base\CSE-CIC-IDS2018'...
2025-07-14 10:34:41 - INFO - Dataset bruto carregado. Shape: (9625148, 79)
2025-07-14 10:34:41 - INFO - Iniciando limpeza dos dados...
2025-07-14 10:34:50 - INFO - Dados limpos. Shape: (9625148, 79)
2025-07-14 10:34:54 - INFO - Calculando Information Gain e Mutual Information para seleção de características...
2025-07-14 12:15:21 - INFO - Top 23 características selecionadas: ['Init Fwd Win Byts', 'Dst Port', 'Fwd Pkts/s', 'Flow IAT Max', 'Flow IAT Mean', 'Flow Duration', 'Fwd IAT Mean', 'Fwd IAT Max', 'Fwd IAT Tot', 'Fwd Header Len', 'Flow Pkts/s', 'Bwd Pkts/s', 'Fwd IAT Min', 'Fwd Pkt Len Max', 'Fwd Seg Size Avg', 'Fwd Pkt Len Mean', 'Pkt Len Max', 'Bwd Pkt Len Max', 'Flow IAT Min', 'TotLen Fwd Pkts', 'Subflow Fwd Byts', 'Fwd Seg Size Min', 'Bwd Seg Size Avg']
2025-07-14 12:15:24 - INFO - Aplicando normalização StandardScaler...
2025-07-14 12:15:27 - INFO - Aplicando balanceamento de classes com estratégia híbrida (Oversampling + Undersampling)...
2025-07-14 12:15:29 - INFO - Estratégia SMOTE (Oversampling): {1: 50000, 2: 50000, 3: 50000, 4: 50000, 5: 50000, 6: 50000, 7: 50000, 8: 50000, 9: 50000, 10: 50000, 11: 50000, 12: 50000, 13: 50000, 14: 50000}
2025-07-14 12:15:29 - INFO - Estratégia RandomUnderSampler: {0: 150000}
2025-07-14 12:15:29 - ERROR - Ocorreu um erro fatal durante a execução: With over-sampling methods, the number of samples in a class should be greater or equal to the original number of samples. Originally, there is 286191 samples and 50000 samples are asked.
2025-07-14 12:15:29 - ERROR - Traceback:
Traceback (most recent call last):
  File "d:\Mestrado\1_ids_training_script.py", line 361, in main
    X_processed, y_processed, selected_features = data_handler.preprocess(df_raw)
  File "d:\Mestrado\1_ids_training_script.py", line 174, in preprocess
    X_resampled, y_resampled = pipeline.fit_resample(X_scaled, y_encoded)
  File "C:\Users\strik\miniconda3\envs\tf_env\lib\site-packages\sklearn\base.py", line 1389, in wrapper
    return fit_method(estimator, *args, **kwargs)
  File "C:\Users\strik\miniconda3\envs\tf_env\lib\site-packages\imblearn\pipeline.py", line 726, in fit_resample
    Xt, yt = self._fit(X, y, routed_params)
  File "C:\Users\strik\miniconda3\envs\tf_env\lib\site-packages\imblearn\pipeline.py", line 440, in _fit
    X, y, fitted_transformer = fit_resample_one_cached(
  File "C:\Users\strik\miniconda3\envs\tf_env\lib\site-packages\joblib\memory.py", line 326, in __call__
    return self.func(*args, **kwargs)
  File "C:\Users\strik\miniconda3\envs\tf_env\lib\site-packages\imblearn\pipeline.py", line 1336, in _fit_resample_one
    X_res, y_res = sampler.fit_resample(X, y, **params.get("fit_resample", {}))
  File "C:\Users\strik\miniconda3\envs\tf_env\lib\site-packages\imblearn\base.py", line 202, in fit_resample
    return super().fit_resample(X, y, **params)
  File "C:\Users\strik\miniconda3\envs\tf_env\lib\site-packages\sklearn\base.py", line 1389, in wrapper
    return fit_method(estimator, *args, **kwargs)
  File "C:\Users\strik\miniconda3\envs\tf_env\lib\site-packages\imblearn\base.py", line 101, in fit_resample
    self.sampling_strategy_ = check_sampling_strategy(
  File "C:\Users\strik\miniconda3\envs\tf_env\lib\site-packages\imblearn\utils\_validation.py", line 557, in check_sampling_strategy
    sorted(_sampling_strategy_dict(sampling_strategy, y, sampling_type).items())
  File "C:\Users\strik\miniconda3\envs\tf_env\lib\site-packages\imblearn\utils\_validation.py", line 335, in _sampling_strategy_dict
    raise ValueError(
ValueError: With over-sampling methods, the number of samples in a class should be greater or equal to the original number of samples. Originally, there is 286191 samples and 50000 samples are asked.
